# JRE version: OpenJDK Runtime Environment Temurin-17.0.2+8 (17.0.2+8) (build 17.0.2+8)
# Java VM: OpenJDK 64-Bit Server VM Temurin-17.0.2+8 (17.0.2+8, mixed mode, emulated-client, tiered, compressed oops, compressed class ptrs, g1 gc, windows-amd64)
GC Precious Log:
 CPUs: 4 total, 4 available
 Memory: 3975M
 Large Page Support: Disabled
 NUMA Support: Disabled
 Compressed Oops: Enabled (32-bit)
 Heap Region Size: 1M
 Heap Min Capacity: 8M
 Heap Initial Capacity: 64M
 Heap Max Capacity: 994M
 Pre-touch: Disabled
 Parallel Workers: 4
 Concurrent Workers: 1
 Concurrent Refinement Workers: 4
 Periodic GC: Disabled
Heap:
 garbage-first heap   total 53248K, used 23144K [0x00000000c1e00000, 0x0000000100000000)
  region size 1024K, 3 young (3072K), 1 survivors (1024K)
 Metaspace       used 37934K, committed 38272K, reserved 1089536K
  class space    used 4773K, committed 4928K, reserved 1048576K
GC Heap History (20 events):
Event: 8.319 GC heap before
{Heap before GC invocations=7 (full 0):
 garbage-first heap   total 40960K, used 26934K [0x00000000c1e00000, 0x0000000100000000)
  region size 1024K, 16 young (16384K), 2 survivors (2048K)
 Metaspace       used 30253K, committed 30528K, reserved 1081344K
  class space    used 3995K, committed 4096K, reserved 1048576K
}
Event: 8.328 GC heap after
{Heap after GC invocations=8 (full 0):
 garbage-first heap   total 40960K, used 14673K [0x00000000c1e00000, 0x0000000100000000)
  region size 1024K, 2 young (2048K), 2 survivors (2048K)
 Metaspace       used 30253K, committed 30528K, reserved 1081344K
  class space    used 3995K, committed 4096K, reserved 1048576K
}
Event: 8.905 GC heap before
{Heap before GC invocations=8 (full 0):
 garbage-first heap   total 40960K, used 27985K [0x00000000c1e00000, 0x0000000100000000)
  region size 1024K, 16 young (16384K), 2 survivors (2048K)
 Metaspace       used 31662K, committed 32000K, reserved 1081344K
  class space    used 4102K, committed 4288K, reserved 1048576K
}
Event: 8.912 GC heap after
{Heap after GC invocations=9 (full 0):
 garbage-first heap   total 40960K, used 16631K [0x00000000c1e00000, 0x0000000100000000)
  region size 1024K, 2 young (2048K), 2 survivors (2048K)
 Metaspace       used 31662K, committed 32000K, reserved 1081344K
  class space    used 4102K, committed 4288K, reserved 1048576K
}
Event: 9.308 GC heap before
{Heap before GC invocations=9 (full 0):
 garbage-first heap   total 40960K, used 27895K [0x00000000c1e00000, 0x0000000100000000)
  region size 1024K, 14 young (14336K), 2 survivors (2048K)
 Metaspace       used 32142K, committed 32512K, reserved 1081344K
  class space    used 4178K, committed 4352K, reserved 1048576K
}
Event: 9.317 GC heap after
{Heap after GC invocations=10 (full 0):
 garbage-first heap   total 49152K, used 22562K [0x00000000c1e00000, 0x0000000100000000)
  region size 1024K, 2 young (2048K), 2 survivors (2048K)
 Metaspace       used 32142K, committed 32512K, reserved 1081344K
  class space    used 4178K, committed 4352K, reserved 1048576K
}
Event: 10.242 GC heap before
{Heap before GC invocations=10 (full 0):
 garbage-first heap   total 49152K, used 31778K [0x00000000c1e00000, 0x0000000100000000)
  region size 1024K, 12 young (12288K), 2 survivors (2048K)
 Metaspace       used 34786K, committed 35136K, reserved 1081344K
  class space    used 4376K, committed 4544K, reserved 1048576K
}
Event: 10.244 GC heap after
{Heap after GC invocations=11 (full 0):
 garbage-first heap   total 49152K, used 23397K [0x00000000c1e00000, 0x0000000100000000)
  region size 1024K, 1 young (1024K), 1 survivors (1024K)
 Metaspace       used 34786K, committed 35136K, reserved 1081344K
  class space    used 4376K, committed 4544K, reserved 1048576K
}
Event: 10.549 GC heap before
{Heap before GC invocations=11 (full 0):
 garbage-first heap   total 49152K, used 32613K [0x00000000c1e00000, 0x0000000100000000)
  region size 1024K, 11 young (11264K), 1 survivors (1024K)
 Metaspace       used 35660K, committed 35968K, reserved 1081344K
  class space    used 4504K, committed 4672K, reserved 1048576K
}
Event: 10.552 GC heap after
{Heap after GC invocations=12 (full 0):
 garbage-first heap   total 49152K, used 23861K [0x00000000c1e00000, 0x0000000100000000)
  region size 1024K, 1 young (1024K), 1 survivors (1024K)
 Metaspace       used 35660K, committed 35968K, reserved 1081344K
  class space    used 4504K, committed 4672K, reserved 1048576K
}
Event: 10.881 GC heap before
{Heap before GC invocations=13 (full 0):
 garbage-first heap   total 53248K, used 35125K [0x00000000c1e00000, 0x0000000100000000)
  region size 1024K, 12 young (12288K), 1 survivors (1024K)
 Metaspace       used 36345K, committed 36672K, reserved 1081344K
  class space    used 4579K, committed 4736K, reserved 1048576K
}
Event: 10.884 GC heap after
{Heap after GC invocations=14 (full 0):
 garbage-first heap   total 53248K, used 24890K [0x00000000c1e00000, 0x0000000100000000)
  region size 1024K, 2 young (2048K), 2 survivors (2048K)
 Metaspace       used 36345K, committed 36672K, reserved 1081344K
  class space    used 4579K, committed 4736K, reserved 1048576K
}
Event: 82.565 GC heap before
{Heap before GC invocations=15 (full 0):
 garbage-first heap   total 53248K, used 39226K [0x00000000c1e00000, 0x0000000100000000)
  region size 1024K, 16 young (16384K), 2 survivors (2048K)
 Metaspace       used 37825K, committed 38144K, reserved 1089536K
  class space    used 4758K, committed 4864K, reserved 1048576K
}
Event: 82.578 GC heap after
{Heap after GC invocations=16 (full 0):
 garbage-first heap   total 53248K, used 24760K [0x00000000c1e00000, 0x0000000100000000)
  region size 1024K, 1 young (1024K), 1 survivors (1024K)
 Metaspace       used 37825K, committed 38144K, reserved 1089536K
  class space    used 4758K, committed 4864K, reserved 1048576K
}
Event: 182.152 GC heap before
{Heap before GC invocations=16 (full 0):
 garbage-first heap   total 53248K, used 40120K [0x00000000c1e00000, 0x0000000100000000)
  region size 1024K, 16 young (16384K), 1 survivors (1024K)
 Metaspace       used 37869K, committed 38208K, reserved 1089536K
  class space    used 4765K, committed 4928K, reserved 1048576K
}
Event: 182.163 GC heap after
{Heap after GC invocations=17 (full 0):
 garbage-first heap   total 53248K, used 24688K [0x00000000c1e00000, 0x0000000100000000)
  region size 1024K, 1 young (1024K), 1 survivors (1024K)
 Metaspace       used 37869K, committed 38208K, reserved 1089536K
  class space    used 4765K, committed 4928K, reserved 1048576K
}
Event: 281.056 GC heap before
{Heap before GC invocations=18 (full 0):
 garbage-first heap   total 53248K, used 39024K [0x00000000c1e00000, 0x0000000100000000)
  region size 1024K, 16 young (16384K), 1 survivors (1024K)
 Metaspace       used 37824K, committed 38208K, reserved 1089536K
  class space    used 4756K, committed 4928K, reserved 1048576K
}
Event: 281.065 GC heap after
{Heap after GC invocations=19 (full 0):
 garbage-first heap   total 53248K, used 24770K [0x00000000c1e00000, 0x0000000100000000)
  region size 1024K, 1 young (1024K), 1 survivors (1024K)
 Metaspace       used 37824K, committed 38208K, reserved 1089536K
  class space    used 4756K, committed 4928K, reserved 1048576K
}
Event: 313.687 GC heap before
{Heap before GC invocations=19 (full 0):
 garbage-first heap   total 53248K, used 25794K [0x00000000c1e00000, 0x0000000100000000)
  region size 1024K, 2 young (2048K), 1 survivors (1024K)
 Metaspace       used 37835K, committed 38208K, reserved 1089536K
  class space    used 4760K, committed 4928K, reserved 1048576K
}
Event: 313.699 GC heap after
{Heap after GC invocations=20 (full 0):
 garbage-first heap   total 53248K, used 22120K [0x00000000c1e00000, 0x0000000100000000)
  region size 1024K, 1 young (1024K), 1 survivors (1024K)
 Metaspace       used 37835K, committed 38208K, reserved 1089536K
  class space    used 4760K, committed 4928K, reserved 1048576K
}

